#
# A fatal error has been detected by the Java Runtime Environment:
#
#  Internal Error (os_windows_x86.cpp:114), pid=11460, tid=9012
#  Error: guarantee(result == -1,"Unexpected result from topLevelExceptionFilter")
#
# JRE version: 6.0_17-b04
# Java VM: Java HotSpot(TM) 64-Bit Server VM (14.3-b01 mixed mode windows-amd64 )
# If you would like to submit a bug report, please visit:
#   http://java.sun.com/webapps/bugreport/crash.jsp
# The crash happened outside the Java Virtual Machine in native code.
# See problematic frame for where to report the bug.
#

---------------  T H R E A D  ---------------

Current thread (0x00000000075be800):  JavaThread "main" [_thread_in_native, id=9012, stack(0x00000000001e0000,0x00000000041e0000)]

Stack: [0x00000000001e0000,0x00000000041e0000]
[error occurred during error reporting (printing stack bounds), id 0xc0000005]

Java frames: (J=compiled Java code, j=interpreted, Vv=VM code)
J  com.mathworks.jmi.bean.UDDObject.directSetPropertyInMatlab(JJLjava/lang/Object;)[Ljava/lang/Object;
J  com.mathworks.toolbox.matlab.guide.HGControl.setPropertyValueForCompatibility(Lcom/mathworks/jmi/bean/UDDObject;Ljava/lang/String;Ljava/lang/Object;)V
j  com.mathworks.toolbox.matlab.guide.palette.MObjectProxy.updatePosition(Lcom/mathworks/jmi/bean/UDDObject;)V+48
j  com.mathworks.toolbox.matlab.guide.palette.GObjectProxy.updateUIControl(Lcom/mathworks/jmi/bean/UDDObject;)V+72
j  com.mathworks.toolbox.matlab.guide.palette.GObjectProxy.updateProxy(Ljava/lang/Object;)V+67
j  com.mathworks.toolbox.matlab.guide.palette.GObjectProxy.updateProxy(Ljava/lang/Object;)V+160
j  com.mathworks.toolbox.matlab.guide.LayoutLooper$UpdateObjectWorker.runOnMatlabThread()Ljava/lang/Object;+19
j  com.mathworks.jmi.MatlabWorker$2.run()V+10
j  com.mathworks.jmi.MatlabWorker.start()V+10
j  com.mathworks.toolbox.matlab.guide.LayoutLooper.updateObject(Lcom/mathworks/toolbox/matlab/guide/palette/LOWrapperOwner;Lcom/mathworks/toolbox/matlab/guide/LayoutArea;)V+17
j  com.mathworks.toolbox.matlab.guide.LayoutArea.changeObjects(Lcom/mathworks/services/ObjectRegistryEvent;)V+322
j  com.mathworks.toolbox.matlab.guide.LayoutArea$ObjectChanged.objectChanged(Lcom/mathworks/services/ObjectRegistryEvent;)V+5
j  com.mathworks.services.ObjectRegistry.fireObjectRegistryEvent(Lcom/mathworks/services/ObjectRegistryEvent;)V+97
j  com.mathworks.services.ObjectRegistry.access$200(Lcom/mathworks/services/ObjectRegistry;Lcom/mathworks/services/ObjectRegistryEvent;)V+2
j  com.mathworks.services.ObjectRegistry$MyBrowseableHandler.childChanged(Lcom/mathworks/services/BrowseableEvent;)V+46
j  com.mathworks.services.ObjectRegistryEntry.fireBrowseableEvent(Lcom/mathworks/services/BrowseableEvent;)V+129
j  com.mathworks.services.ObjectRegistryEntry.changeChildren([Lcom/mathworks/services/Browseable;ILjava/lang/Object;)V+21
j  com.mathworks.services.ObjectRegistryEntry.changeChild(Lcom/mathworks/services/Browseable;ILjava/lang/Object;)V+15
j  com.mathworks.services.ObjectRegistry.change([Ljava/lang/Object;Ljava/lang/Object;I)V+52
j  com.mathworks.services.ObjectRegistry.change([Ljava/lang/Object;Ljava/lang/Object;)V+4
j  com.mathworks.mlwidgets.inspector.PropertyTarget$PostPropertyChange.run()V+28
J  com.mathworks.jmi.NativeMatlab.dispatchMTRequests(Z)V
v  ~StubRoutines::call_stub

---------------  P R O C E S S  ---------------

Java Threads: ( => current thread )
  0x000000000e6a4000 JavaThread "AWT-EventQueue-0" [_thread_in_native, id=6224, stack(0x0000000007db0000,0x0000000007e30000)]
  0x000000000e6a2800 JavaThread "Code Analyzer updating thread" [_thread_blocked, id=14908, stack(0x0000000017070000,0x00000000170f0000)]
  0x000000000e6a9800 JavaThread "Prefs Updater" daemon [_thread_blocked, id=19420, stack(0x0000000008070000,0x00000000080f0000)]
  0x000000007b1df800 JavaThread "Timer queue for AWT thread" daemon [_thread_blocked, id=15948, stack(0x0000000016f70000,0x0000000016ff0000)]
  0x000000000f0d9000 JavaThread "pool-7-thread-1" [_thread_blocked, id=8628, stack(0x0000000016e70000,0x0000000016ef0000)]
  0x000000000f0dd800 JavaThread "Code Analyzer updating thread" [_thread_blocked, id=19012, stack(0x000000000fe60000,0x000000000fee0000)]
  0x000000007b1de000 JavaThread "Timer-5" [_thread_blocked, id=13220, stack(0x000000001d3d0000,0x000000001d450000)]
  0x000000000eaf4800 JavaThread "pool-8-thread-1" [_thread_blocked, id=5104, stack(0x000000001b270000,0x000000001b2f0000)]
  0x000000000eaf6000 JavaThread "Foxtrot Single Worker Thread #1" daemon [_thread_blocked, id=16168, stack(0x000000001b2f0000,0x000000001b370000)]
  0x000000000f0db800 JavaThread "Timer queue for AWT thread" daemon [_thread_blocked, id=12388, stack(0x000000000fef0000,0x000000000ff70000)]
  0x000000000f0da000 JavaThread "Code Analyzer updating thread" [_thread_blocked, id=14456, stack(0x0000000007ff0000,0x0000000008070000)]
  0x000000000eaf1800 JavaThread "Code Analyzer updating thread" [_thread_blocked, id=14452, stack(0x0000000007f30000,0x0000000007fb0000)]
  0x000000000eaf0800 JavaThread "Code Analyzer updating thread" [_thread_blocked, id=14448, stack(0x0000000007eb0000,0x0000000007f30000)]
  0x000000000eaf7800 JavaThread "Code Analyzer updating thread" [_thread_blocked, id=14444, stack(0x0000000007e30000,0x0000000007eb0000)]
  0x000000000eaf2000 JavaThread "Code Analyzer updating thread" [_thread_blocked, id=14408, stack(0x000000006a510000,0x000000006a590000)]
  0x000000000eaf3000 JavaThread "Active Reference Queue Daemon" daemon [_thread_blocked, id=14400, stack(0x000000006a490000,0x000000006a510000)]
  0x000000000eaf3800 JavaThread "Timer-2" daemon [_thread_blocked, id=14396, stack(0x000000006a410000,0x000000006a490000)]
  0x000000000eaf0000 JavaThread "Timer-1" daemon [_thread_blocked, id=14384, stack(0x0000000069340000,0x00000000693c0000)]
  0x000000000d3e5800 JavaThread "AWT-Shutdown" [_thread_blocked, id=12272, stack(0x000000000fa10000,0x000000000fa90000)]
  0x000000000e97c800 JavaThread "FelixPackageAdmin" daemon [_thread_blocked, id=9712, stack(0x000000000fc90000,0x000000000fd10000)]
  0x000000000db9e800 JavaThread "FelixStartLevel" daemon [_thread_blocked, id=8104, stack(0x000000000fc10000,0x000000000fc90000)]
  0x000000000e7bb800 JavaThread "FelixDispatchQueue" daemon [_thread_blocked, id=13736, stack(0x000000000fb90000,0x000000000fc10000)]
  0x000000000e220800 JavaThread "com.google.common.base.internal.Finalizer" daemon [_thread_blocked, id=9940, stack(0x000000000fa90000,0x000000000fb10000)]
  0x000000000e257000 JavaThread "AWT-Windows" daemon [_thread_blocked, id=1168, stack(0x000000000f580000,0x000000000f600000)]
  0x000000000e255800 JavaThread "Java2D Disposer" daemon [_thread_blocked, id=13420, stack(0x000000000f480000,0x000000000f500000)]
  0x000000000e342000 JavaThread "Timer-0" [_thread_blocked, id=4232, stack(0x000000000f320000,0x000000000f3a0000)]
  0x000000000df16800 JavaThread "EventMgr Dispatcher" daemon [_thread_in_native, id=12444, stack(0x0000000010e50000,0x0000000014e50000)]
  0x000000000d3c5800 JavaThread "Low Memory Detector" daemon [_thread_blocked, id=13772, stack(0x000000000d6d0000,0x000000000d750000)]
  0x000000000d3c4000 JavaThread "CompilerThread1" daemon [_thread_blocked, id=9224, stack(0x0000000058250000,0x000000005c250000)]
  0x000000000d3be000 JavaThread "CompilerThread0" daemon [_thread_blocked, id=6012, stack(0x0000000054250000,0x0000000058250000)]
  0x000000000d3b7000 JavaThread "Attach Listener" daemon [_thread_blocked, id=2916, stack(0x000000000d650000,0x000000000d6d0000)]
  0x000000000769d000 JavaThread "Finalizer" daemon [_thread_blocked, id=12316, stack(0x000000000d5d0000,0x000000000d650000)]
  0x0000000007695800 JavaThread "Reference Handler" daemon [_thread_blocked, id=7540, stack(0x000000000d550000,0x000000000d5d0000)]
=>0x00000000075be800 JavaThread "main" [_thread_in_native, id=9012, stack(0x00000000001e0000,0x00000000041e0000)]

Other Threads:
  0x000000000d391800 VMThread [stack: 0x0000000050250000,0x0000000054250000] [id=10104]
  0x000000000d3d2000 WatcherThread [stack: 0x000000005c250000,0x0000000060250000] [id=13472]

VM state:at safepoint (normal execution)

VM Mutex/Monitor currently owned by a thread:  ([mutex/lock_event])
[0x00000000075b10d0] Threads_lock - owner thread: 0x000000000d391800
[0x00000000075b06d0] Heap_lock - owner thread: 0x000000000e257000

Heap
 PSYoungGen      total 31808K, used 17535K [0x0000000045150000, 0x0000000048250000, 0x0000000048250000)
  eden space 17536K, 99% used [0x0000000045150000,0x000000004626fff0,0x0000000046270000)
  from space 14272K, 0% used [0x0000000047460000,0x0000000047460000,0x0000000048250000)
  to   space 16320K, 0% used [0x0000000046270000,0x0000000046270000,0x0000000047260000)
 PSOldGen        total 150528K, used 150527K [0x000000003be50000, 0x0000000045150000, 0x0000000045150000)
  object space 150528K, 99% used [0x000000003be50000,0x000000004514ffe8,0x0000000045150000)
 PSPermGen       total 80384K, used 80069K [0x0000000033e50000, 0x0000000038cd0000, 0x000000003be50000)
  object space 80384K, 99% used [0x0000000033e50000,0x0000000038c81640,0x0000000038cd0000)

Dynamic libraries:
0x000007f6e4ee0000 - 0x000007f6e4f12000 	C:\Program Files\MATLAB\R2012a\bin\win64\MATLAB.exe
0x000007f92fb50000 - 0x000007f92fd0d000 	C:\Windows\SYSTEM32\ntdll.dll
0x000007f92f500000 - 0x000007f92f637000 	C:\Windows\system32\KERNEL32.DLL
0x000007f92cdd0000 - 0x000007f92cec4000 	C:\Windows\system32\KERNELBASE.dll
0x0000000074460000 - 0x0000000074554000 	C:\Program Files\MATLAB\R2012a\bin\win64\libut.dll
0x0000000073f70000 - 0x00000000740ad000 	C:\Program Files\MATLAB\R2012a\bin\win64\libmwfl.dll
0x000000007bed0000 - 0x000000007c183000 	C:\Program Files\MATLAB\R2012a\bin\win64\libmwservices.dll
0x0000000074970000 - 0x0000000074b06000 	C:\Program Files\MATLAB\R2012a\bin\win64\mcr.dll
0x00000000758a0000 - 0x0000000075952000 	C:\Program Files\MATLAB\R2012a\bin\win64\libmwi18n.dll
0x0000000068db0000 - 0x0000000068e83000 	C:\Windows\WinSxS\amd64_microsoft.vc90.crt_1fc8b3b9a1e18e3b_9.0.30729.6871_none_08e717a5a83adddf\MSVCP90.dll
0x0000000068eb0000 - 0x0000000068f53000 	C:\Windows\WinSxS\amd64_microsoft.vc90.crt_1fc8b3b9a1e18e3b_9.0.30729.6871_none_08e717a5a83adddf\MSVCR90.dll
0x000000007a560000 - 0x000000007a569000 	C:\Program Files\MATLAB\R2012a\bin\win64\boost_system-vc90-mt-1_44.dll
0x000000007a2d0000 - 0x000000007a2e2000 	C:\Program Files\MATLAB\R2012a\bin\win64\boost_thread-vc90-mt-1_44.dll
0x0000000068c30000 - 0x0000000068da1000 	C:\Program Files\MATLAB\R2012a\bin\win64\icuuc44.dll
0x0000000068c10000 - 0x0000000068c23000 	C:\Program Files\MATLAB\R2012a\bin\win64\icuio44.dll
0x0000000180000000 - 0x0000000180046000 	C:\Program Files\MATLAB\R2012a\bin\win64\tbb.dll
0x000007f92d100000 - 0x000007f92d107000 	C:\Windows\system32\PSAPI.DLL
0x000007f921770000 - 0x000007f9218d3000 	C:\Windows\SYSTEM32\dbghelp.dll
0x000007f92f9e0000 - 0x000007f92fabe000 	C:\Windows\system32\ADVAPI32.dll
0x000007f92f010000 - 0x000007f92f15c000 	C:\Windows\system32\USER32.dll
0x00000000042c0000 - 0x00000000042cb000 	C:\Program Files\MATLAB\R2012a\bin\win64\libmwresource_core.dll
0x00000000043e0000 - 0x00000000046d6000 	C:\Program Files\MATLAB\R2012a\bin\win64\libmwMATLAB_res.dll
0x000000007a3b0000 - 0x000000007a3c0000 	C:\Program Files\MATLAB\R2012a\bin\win64\boost_date_time-vc90-mt-1_44.dll
0x000000007a170000 - 0x000000007a19c000 	C:\Program Files\MATLAB\R2012a\bin\win64\boost_filesystem-vc90-mt-1_44.dll
0x000000007a250000 - 0x000000007a263000 	C:\Program Files\MATLAB\R2012a\bin\win64\boost_signals-vc90-mt-1_44.dll
0x000007f92d1c0000 - 0x000007f92d1d4000 	C:\Windows\system32\imagehlp.dll
0x0000000075a20000 - 0x0000000075ae2000 	C:\Program Files\MATLAB\R2012a\bin\win64\libmx.dll
0x00000000046e0000 - 0x0000000004701000 	C:\Program Files\MATLAB\R2012a\bin\win64\libmwmfl_scalar.dll
0x0000000075f10000 - 0x0000000075f5d000 	C:\Program Files\MATLAB\R2012a\bin\win64\mpath.dll
0x000000007b680000 - 0x000000007bbe1000 	C:\Program Files\MATLAB\R2012a\bin\win64\mlutil.dll
0x0000000004710000 - 0x000000000472a000 	C:\Program Files\MATLAB\R2012a\bin\win64\libmwMATLAB_settings_res.dll
0x0000000004730000 - 0x0000000004777000 	C:\Program Files\MATLAB\R2012a\bin\win64\boost_serialization-vc90-mt-1_44.dll
0x000007f923c40000 - 0x000007f923ce4000 	C:\Windows\WinSxS\amd64_microsoft.windows.common-controls_6595b64144ccf1df_5.82.9200.17359_none_776323af3178557f\COMCTL32.dll
0x000007f92da60000 - 0x000007f92db01000 	C:\Windows\system32\COMDLG32.dll
0x000007f92a250000 - 0x000007f92a265000 	C:\Windows\SYSTEM32\NETAPI32.dll
0x000007f92f2d0000 - 0x000007f92f328000 	C:\Windows\system32\WS2_32.dll
0x000007f92dcc0000 - 0x000007f92efa5000 	C:\Windows\system32\SHELL32.dll
0x000007f92d840000 - 0x000007f92d9be000 	C:\Windows\system32\ole32.dll
0x000007f92f760000 - 0x000007f92f823000 	C:\Windows\system32\OLEAUT32.dll
0x0000000075000000 - 0x000000007536b000 	C:\Program Files\MATLAB\R2012a\bin\win64\iqm.dll
0x0000000079fb0000 - 0x0000000079fe7000 	C:\Program Files\MATLAB\R2012a\bin\win64\libmwbridge.dll
0x0000000068be0000 - 0x0000000068c05000 	C:\Program Files\MATLAB\R2012a\bin\win64\libmex.dll
0x0000000068b20000 - 0x0000000068bd3000 	C:\Program Files\MATLAB\R2012a\bin\win64\m_dispatcher.dll
0x0000000068320000 - 0x0000000068599000 	C:\Program Files\MATLAB\R2012a\bin\win64\mcos.dll
0x00000000681c0000 - 0x0000000068312000 	C:\Program Files\MATLAB\R2012a\bin\win64\libmwgui.dll
0x0000000067810000 - 0x00000000681b3000 	C:\Program Files\MATLAB\R2012a\bin\win64\hg.dll
0x0000000067710000 - 0x000000006780d000 	C:\Program Files\MATLAB\R2012a\bin\win64\hgutils.dll
0x0000000066ee0000 - 0x0000000067701000 	C:\Program Files\MATLAB\R2012a\bin\win64\m_interpreter.dll
0x0000000075710000 - 0x00000000757c1000 	C:\Program Files\MATLAB\R2012a\bin\win64\jmi.dll
0x0000000066e20000 - 0x0000000066edd000 	C:\Program Files\MATLAB\R2012a\bin\win64\udd_mi.dll
0x0000000004790000 - 0x0000000004a5a000 	C:\Program Files\MATLAB\R2012a\bin\win64\uiw.dll
0x0000000068b00000 - 0x0000000068b20000 	C:\Program Files\MATLAB\R2012a\bin\win64\mwoles05.DLL
0x0000000066da0000 - 0x0000000066e1c000 	C:\Program Files\MATLAB\R2012a\bin\win64\comcli.dll
0x0000000068af0000 - 0x0000000068afc000 	C:\Program Files\MATLAB\R2012a\bin\win64\mlautoregister.dll
0x0000000004a60000 - 0x0000000004a70000 	C:\Program Files\MATLAB\R2012a\bin\win64\boost_iostreams-vc90-mt-1_44.dll
0x000007f92f180000 - 0x000007f92f2c1000 	C:\Windows\system32\GDI32.dll
0x000000007a010000 - 0x000000007a035000 	C:\Program Files\MATLAB\R2012a\bin\win64\LIBEXPAT.dll
0x0000000066ba0000 - 0x0000000066d91000 	C:\Program Files\MATLAB\R2012a\bin\win64\icuin44.dll
0x0000000010000000 - 0x0000000010e41000 	C:\Program Files\MATLAB\R2012a\bin\win64\icudt44.dll
0x000007f92d110000 - 0x000007f92d1b5000 	C:\Windows\system32\msvcrt.dll
0x000007f92d470000 - 0x000007f92d4b8000 	C:\Windows\SYSTEM32\sechost.dll
0x000007f92d4c0000 - 0x000007f92d605000 	C:\Windows\system32\RPCRT4.dll
0x000000007a210000 - 0x000000007a228000 	C:\Program Files\MATLAB\R2012a\bin\win64\zlib1.dll
0x0000000066b20000 - 0x0000000066b9f000 	C:\Program Files\MATLAB\R2012a\bin\win64\xmlcore.dll
0x000000007bc30000 - 0x000000007be83000 	C:\Program Files\MATLAB\R2012a\bin\win64\xerces-c_2_7.dll
0x000007f92fb00000 - 0x000007f92fb50000 	C:\Windows\system32\SHLWAPI.dll
0x000007f92bce0000 - 0x000007f92bcee000 	C:\Windows\SYSTEM32\netutils.dll
0x000007f92c6c0000 - 0x000007f92c6e4000 	C:\Windows\SYSTEM32\srvcli.dll
0x000007f92a1b0000 - 0x000007f92a1c5000 	C:\Windows\SYSTEM32\wkscli.dll
0x000007f92f9d0000 - 0x000007f92f9d9000 	C:\Windows\system32\NSI.dll
0x000007f92db10000 - 0x000007f92dcc0000 	C:\Windows\SYSTEM32\combase.dll
0x0000000066a50000 - 0x0000000066b18000 	C:\Program Files\MATLAB\R2012a\bin\win64\udd.dll
0x0000000074880000 - 0x000000007496d000 	C:\Program Files\MATLAB\R2012a\bin\win64\boost_regex-vc90-mt-1_44.dll
0x0000000068ad0000 - 0x0000000068ae7000 	C:\Program Files\MATLAB\R2012a\bin\win64\graphics_util.dll
0x0000000076100000 - 0x0000000076167000 	C:\Program Files\MATLAB\R2012a\bin\win64\libmat.dll
0x0000000066a00000 - 0x0000000066a42000 	C:\Program Files\MATLAB\R2012a\bin\win64\libmwhardcopy.dll
0x00000000669a0000 - 0x00000000669fa000 	C:\Program Files\MATLAB\R2012a\bin\win64\libuij.dll
0x0000000066790000 - 0x000000006699c000 	C:\Program Files\MATLAB\R2012a\bin\win64\hgdatatypes.dll
0x0000000066700000 - 0x0000000066786000 	C:\Program Files\MATLAB\R2012a\bin\win64\libmwlapack.dll
0x0000000004bf0000 - 0x0000000004c2b000 	C:\Program Files\MATLAB\R2012a\bin\win64\libmwgbtutils.dll
0x0000000004c30000 - 0x0000000004c49000 	C:\Program Files\MATLAB\R2012a\bin\win64\libmwgbt.dll
0x0000000066210000 - 0x00000000666f4000 	C:\Windows\WinSxS\amd64_microsoft.vc90.mfc_1fc8b3b9a1e18e3b_9.0.30729.6161_none_044aad0bab1eb146\mfc90.dll
0x000007f925010000 - 0x000007f92508d000 	C:\Windows\SYSTEM32\WINSPOOL.DRV
0x0000000066180000 - 0x0000000066204000 	C:\Program Files\MATLAB\R2012a\bin\win64\profiler.dll
0x0000000004c70000 - 0x0000000004ec5000 	C:\Program Files\MATLAB\R2012a\bin\win64\libmwmathutil.dll
0x0000000079f40000 - 0x0000000079f6d000 	C:\Program Files\MATLAB\R2012a\bin\win64\libmwmathrng.dll
0x0000000066150000 - 0x0000000066171000 	C:\Program Files\MATLAB\R2012a\bin\win64\m_pcodeio.dll
0x0000000079b10000 - 0x0000000079b77000 	C:\Program Files\MATLAB\R2012a\bin\win64\m_ir.dll
0x0000000065b00000 - 0x0000000066150000 	C:\Program Files\MATLAB\R2012a\bin\win64\m_parser.dll
0x0000000065ac0000 - 0x0000000065af1000 	C:\Program Files\MATLAB\R2012a\bin\win64\m_pcodegen.dll
0x0000000004ed0000 - 0x0000000004f3b000 	C:\Program Files\MATLAB\R2012a\bin\win64\libmwspmatrix.dll
0x0000000004f50000 - 0x0000000004f5e000 	C:\Program Files\MATLAB\R2012a\bin\win64\nativejava_services.dll
0x0000000068ac0000 - 0x0000000068acf000 	C:\Program Files\MATLAB\R2012a\bin\win64\uinone.dll
0x000007f921e00000 - 0x000007f921e17000 	C:\Windows\SYSTEM32\MPR.dll
0x0000000065a90000 - 0x0000000065abf000 	C:\Windows\WinSxS\amd64_microsoft.vc90.atl_1fc8b3b9a1e18e3b_9.0.30729.6161_none_0a1fd3a3a768b895\ATL90.DLL
0x0000000072d30000 - 0x0000000072f44000 	C:\Program Files\MATLAB\R2012a\bin\win64\hdf5dll.dll
0x0000000065a70000 - 0x0000000065a82000 	C:\Program Files\MATLAB\R2012a\bin\win64\libmwbinder.dll
0x0000000068ab0000 - 0x0000000068abb000 	C:\Program Files\MATLAB\R2012a\bin\win64\libmwompwrapper.dll
0x000007f92b470000 - 0x000007f92b477000 	C:\Windows\SYSTEM32\MSIMG32.dll
0x0000000074c10000 - 0x0000000074ced000 	C:\Program Files\MATLAB\R2012a\bin\win64\libmwmathcore.dll
0x0000000065a50000 - 0x0000000065a6a000 	C:\Program Files\MATLAB\R2012a\bin\win64\ir_xfmr.dll
0x0000000065a40000 - 0x0000000065a4c000 	C:\Program Files\MATLAB\R2012a\bin\win64\mtok.dll
0x000007f92aea0000 - 0x000007f92af36000 	C:\Windows\SYSTEM32\SHCORE.DLL
0x0000000075ea0000 - 0x0000000075f02000 	C:\Program Files\MATLAB\R2012a\bin\win64\libmwcholmod.dll
0x000000007a460000 - 0x000000007a46d000 	C:\Program Files\MATLAB\R2012a\bin\win64\libmwamd.dll
0x000000007a4b0000 - 0x000000007a4bc000 	C:\Program Files\MATLAB\R2012a\bin\win64\libmwcolamd.dll
0x0000000065a20000 - 0x0000000065a39000 	C:\Program Files\MATLAB\R2012a\bin\win64\libmwblas.dll
0x000007f92fac0000 - 0x000007f92faf9000 	C:\Windows\system32\IMM32.DLL
0x000007f92f640000 - 0x000007f92f755000 	C:\Windows\system32\MSCTF.dll
0x000007f92b850000 - 0x000007f92b936000 	C:\Windows\system32\UxTheme.dll
0x000007f92acb0000 - 0x000007f92acd1000 	C:\Windows\system32\dwmapi.dll
0x000000006a930000 - 0x000000006a93d000 	C:\Windows\WinSxS\amd64_microsoft.vc90.mfcloc_1fc8b3b9a1e18e3b_9.0.30729.6161_none_01c9581e60cbee58\MFC90ENU.DLL
0x00000000052b0000 - 0x00000000052d9000 	C:\Program Files\MATLAB\R2012a\bin\win64\tbbmalloc.dll
0x0000000078870000 - 0x0000000078ecd000 	C:\Program Files\MATLAB\R2012a\sys\java\jre\win64\jre\bin\server\jvm.dll
0x000007f924a60000 - 0x000007f924a80000 	C:\Windows\SYSTEM32\WINMM.dll
0x000007f924a20000 - 0x000007f924a53000 	C:\Windows\SYSTEM32\WINMMBASE.dll
0x000007f92ced0000 - 0x000007f92cf1f000 	C:\Windows\SYSTEM32\cfgmgr32.dll
0x000007f92cab0000 - 0x000007f92cad2000 	C:\Windows\system32\DEVOBJ.dll
0x000007f92ca70000 - 0x000007f92ca85000 	C:\Windows\system32\profapi.dll
0x000007f928e10000 - 0x000007f928e3a000 	C:\Windows\SYSTEM32\iphlpapi.dll
0x000007f928df0000 - 0x000007f928dfa000 	C:\Windows\SYSTEM32\WINNSI.DLL
0x000007f92c050000 - 0x000007f92c0ec000 	C:\Windows\SYSTEM32\DNSAPI.dll
0x000007f9280d0000 - 0x000007f9280e3000 	C:\Windows\SYSTEM32\dhcpcsvc6.DLL
0x000007f928110000 - 0x000007f928128000 	C:\Windows\SYSTEM32\dhcpcsvc.DLL
0x000007f926d90000 - 0x000007f926d93000 	C:\Windows\SYSTEM32\icmp.Dll
0x000007f92c800000 - 0x000007f92c80a000 	C:\Windows\SYSTEM32\CRYPTBASE.dll
0x000007f92c7a0000 - 0x000007f92c7fd000 	C:\Windows\SYSTEM32\bcryptPrimitives.dll
0x000000007a440000 - 0x000000007a44e000 	C:\Program Files\MATLAB\R2012a\sys\java\jre\win64\jre\bin\verify.dll

VM Arguments:
jvm_args: -Xss512k -XX:PermSize=32m -Xms64m -XX:NewRatio=3 -XX:MaxPermSize=128m -Xmx196m -XX:MaxDirectMemorySize=2147400000 -Dsun.java2d.noddraw=true -Dsun.awt.nopixfmt=true -Xshare:off -Xrs -Dsun.awt.disableMixing=true -Djava.library.path=C:\Program Files\MATLAB\R2012a\bin\win64 vfprintf abort 
java_command: <unknown>
Launcher Type: generic

Environment Variables:
JAVA_HOME=C:\Program Files\Java\jdk1.8.0_60
USERNAME=Systems
OS=Windows_NT
PROCESSOR_IDENTIFIER=Intel64 Family 6 Model 58 Stepping 9, GenuineIntel



---------------  S Y S T E M  ---------------

OS: Windows NT 6.2 Build 9200 

CPU:total 2 (8 cores per cpu, 2 threads per core) family 6 model 58 stepping 9, cmov, cx8, fxsr, mmx, sse, sse2, sse3, ssse3, sse4.1, sse4.2, ht

Memory: 4k page, physical 4060436k(1497480k free), swap 11064708k(4896840k free)

vm_info: Java HotSpot(TM) 64-Bit Server VM (14.3-b01) for windows-amd64 JRE (1.6.0_17-b04), built on Oct 11 2009 00:46:08 by "java_re" with MS VC++ 8.0

time: Wed Feb 10 14:48:09 2016
elapsed time: 183611 seconds

